<?xml version="1.0" encoding="UTF-8"?>
<!-- Generated by org.testng.reporters.JUnitXMLReporter -->
<testsuite hostname="DESKTOP-0MK9CPH" ignored="0" name="Default test" tests="5" failures="0" timestamp="2019-10-20T09:51:52 IDT" time="166.143" errors="0">
  <testcase name="openURL" time="4.411" classname="com.smokeTest.run.runSmokeTest"/>
  <testcase name="registration" time="36.512" classname="com.smokeTest.run.runSmokeTest"/>
  <testcase name="signIn" time="8.18" classname="com.smokeTest.run.runSmokeTest"/>
  <testcase name="addToWLGR" time="48.795" classname="com.smokeTest.run.runSmokeTest"/>
  <testcase name="startCheckout" time="62.146" classname="com.smokeTest.run.runSmokeTest"/>
</testsuite> <!-- Default test -->
